[2024-04-13 23:51:42] INFO: [SoundManager] Loaded file: bgm-1-reincarnated
[2024-04-13 23:51:42] INFO: [SoundManager] Loaded file: bgm-2-vempair
[2024-04-13 23:51:42] INFO: [SoundManager] Loaded file: beep-1
[2024-04-13 23:51:42] INFO: [SoundManager] Loaded file: bump-1
[2024-04-13 23:51:42] INFO: [SoundManager] Loaded file: click-1
[2024-04-13 23:51:42] INFO: [SoundManager] Loaded file: shoot-1
[2024-04-13 23:53:25] [36mINFO[0m: [SoundManager] Loaded file: bgm-1-reincarnated
[2024-04-13 23:53:25] [36mINFO[0m: [SoundManager] Loaded file: bgm-2-vempair
[2024-04-13 23:53:25] [36mINFO[0m: [SoundManager] Loaded file: beep-1
[2024-04-13 23:53:25] [36mINFO[0m: [SoundManager] Loaded file: bump-1
[2024-04-13 23:53:25] [36mINFO[0m: [SoundManager] Loaded file: click-1
[2024-04-13 23:53:25] [36mINFO[0m: [SoundManager] Loaded file: shoot-1
[2024-04-14 00:01:48] [36mINFO[0m: [TileManager] Loaded tile image file: 0_floor_mud_ne.png
[2024-04-14 00:01:48] [36mINFO[0m: [TileManager] Loaded tile image file: 1_wall_left.png
[2024-04-14 00:01:48] [36mINFO[0m: [SoundManager] Loaded audio file: bgm-1-reincarnated
[2024-04-14 00:01:48] [36mINFO[0m: [SoundManager] Loaded audio file: bgm-2-vempair
[2024-04-14 00:01:49] [36mINFO[0m: [SoundManager] Loaded audio file: beep-1
[2024-04-14 00:01:49] [36mINFO[0m: [SoundManager] Loaded audio file: bump-1
[2024-04-14 00:01:49] [36mINFO[0m: [SoundManager] Loaded audio file: click-1
[2024-04-14 00:01:49] [36mINFO[0m: [SoundManager] Loaded audio file: shoot-1
[2024-04-14 00:03:25] [36mINFO[0m: [TileManager] Loaded tile image file: FLOOR_MUD_NE
[2024-04-14 00:03:25] [36mINFO[0m: [TileManager] Loaded tile image file: WALL_LEFT
[2024-04-14 00:03:25] [36mINFO[0m: [SoundManager] Loaded audio file: bgm-1-reincarnated
[2024-04-14 00:03:25] [36mINFO[0m: [SoundManager] Loaded audio file: bgm-2-vempair
[2024-04-14 00:03:25] [36mINFO[0m: [SoundManager] Loaded audio file: beep-1
[2024-04-14 00:03:25] [36mINFO[0m: [SoundManager] Loaded audio file: bump-1
[2024-04-14 00:03:25] [36mINFO[0m: [SoundManager] Loaded audio file: click-1
[2024-04-14 00:03:25] [36mINFO[0m: [SoundManager] Loaded audio file: shoot-1
[2024-04-14 00:04:00] [36mINFO[0m: [TileManager] Loaded tile image file: 0_floor_mud_ne.png
[2024-04-14 00:04:00] [36mINFO[0m: [TileManager] Loaded tile image file: 1_wall_left.png
[2024-04-14 00:04:00] [36mINFO[0m: [SoundManager] Loaded audio file: bgm-1-reincarnated.wav
[2024-04-14 00:04:00] [36mINFO[0m: [SoundManager] Loaded audio file: bgm-2-vempair.wav
[2024-04-14 00:04:00] [36mINFO[0m: [SoundManager] Loaded audio file: beep-1.wav
[2024-04-14 00:04:00] [36mINFO[0m: [SoundManager] Loaded audio file: bump-1.wav
[2024-04-14 00:04:00] [36mINFO[0m: [SoundManager] Loaded audio file: click-1.wav
[2024-04-14 00:04:00] [36mINFO[0m: [SoundManager] Loaded audio file: shoot-1.wav
[2024-04-14 00:05:56] [36mINFO[0m: [SpritesManager] Loaded sprite image file: tile000.png
[2024-04-14 00:05:56] [36mINFO[0m: [SpritesManager] Loaded sprite image file: tile001.png
[2024-04-14 00:05:56] [36mINFO[0m: [SpritesManager] Loaded sprite image file: tile002.png
[2024-04-14 00:05:56] [36mINFO[0m: [SpritesManager] Loaded sprite image file: tile003.png
[2024-04-14 00:05:56] [36mINFO[0m: [SpritesManager] Loaded sprite image file: tile004.png
[2024-04-14 00:05:56] [36mINFO[0m: [SpritesManager] Loaded sprite image file: tile005.png
[2024-04-14 00:05:56] [36mINFO[0m: [SpritesManager] Loaded sprite image file: tile006.png
[2024-04-14 00:05:56] [36mINFO[0m: [SpritesManager] Loaded sprite image file: tile007.png
[2024-04-14 00:05:56] [36mINFO[0m: [SpritesManager] Loaded sprite image file: tile008.png
[2024-04-14 00:05:56] [36mINFO[0m: [SpritesManager] Loaded sprite image file: tile009.png
[2024-04-14 00:05:56] [36mINFO[0m: [SpritesManager] Loaded sprite image file: tile010.png
[2024-04-14 00:05:56] [36mINFO[0m: [SpritesManager] Loaded sprite image file: tile011.png
[2024-04-14 00:05:56] [36mINFO[0m: [SpritesManager] Loaded sprite image file: tile000.png
[2024-04-14 00:05:56] [36mINFO[0m: [SpritesManager] Loaded sprite image file: tile001.png
[2024-04-14 00:05:56] [36mINFO[0m: [SpritesManager] Loaded sprite image file: tile002.png
[2024-04-14 00:05:56] [36mINFO[0m: [SpritesManager] Loaded sprite image file: tile003.png
[2024-04-14 00:05:56] [36mINFO[0m: [SpritesManager] Loaded sprite image file: tile004.png
[2024-04-14 00:05:56] [36mINFO[0m: [SpritesManager] Loaded sprite image file: tile005.png
[2024-04-14 00:05:56] [36mINFO[0m: [SpritesManager] Loaded sprite image file: tile006.png
[2024-04-14 00:05:56] [36mINFO[0m: [SpritesManager] Loaded sprite image file: tile007.png
[2024-04-14 00:05:56] [36mINFO[0m: [SpritesManager] Loaded sprite image file: tile008.png
[2024-04-14 00:05:56] [36mINFO[0m: [SpritesManager] Loaded sprite image file: tile009.png
[2024-04-14 00:05:56] [36mINFO[0m: [SpritesManager] Loaded sprite image file: tile010.png
[2024-04-14 00:05:56] [36mINFO[0m: [SpritesManager] Loaded sprite image file: tile011.png
[2024-04-14 00:05:57] [36mINFO[0m: [SpritesManager] Loaded sprite image file: tile012.png
[2024-04-14 00:05:57] [36mINFO[0m: [SpritesManager] Loaded sprite image file: tile013.png
[2024-04-14 00:05:57] [36mINFO[0m: [SpritesManager] Loaded sprite image file: tile014.png
[2024-04-14 00:05:57] [36mINFO[0m: [SpritesManager] Loaded sprite image file: tile015.png
[2024-04-14 00:05:57] [36mINFO[0m: [SpritesManager] Loaded sprite image file: l0_bumbo_01.png
[2024-04-14 00:05:57] [36mINFO[0m: [SpritesManager] Loaded sprite image file: l0_bumbo_02.png
[2024-04-14 00:05:57] [36mINFO[0m: [SpritesManager] Loaded sprite image file: l0_bumbo_03.png
[2024-04-14 00:05:57] [36mINFO[0m: [SpritesManager] Loaded sprite image file: l0_bumbo_04.png
[2024-04-14 00:05:57] [36mINFO[0m: [SpritesManager] Loaded sprite image file: l0_bumbo_05.png
[2024-04-14 00:05:57] [36mINFO[0m: [SpritesManager] Loaded sprite image file: l0_bumbo_06.png
[2024-04-14 00:05:57] [36mINFO[0m: [SpritesManager] Loaded sprite image file: l0_bumbo_07.png
[2024-04-14 00:05:57] [36mINFO[0m: [SpritesManager] Loaded sprite image file: l0_bumbo_08.png
[2024-04-14 00:05:57] [36mINFO[0m: [SpritesManager] Loaded sprite image file: l0_bumbo_09.png
[2024-04-14 00:05:57] [36mINFO[0m: [SpritesManager] Loaded sprite image file: l0_bumbo_10.png
[2024-04-14 00:05:57] [36mINFO[0m: [SpritesManager] Loaded sprite image file: l0_bumbo_11.png
[2024-04-14 00:05:57] [36mINFO[0m: [SpritesManager] Loaded sprite image file: l0_bumbo_12.png
[2024-04-14 00:05:57] [36mINFO[0m: [SpritesManager] Loaded sprite image file: l0_bumbo_01.png
[2024-04-14 00:05:57] [36mINFO[0m: [SpritesManager] Loaded sprite image file: l0_bumbo_02.png
[2024-04-14 00:05:57] [36mINFO[0m: [SpritesManager] Loaded sprite image file: l0_bumbo_03.png
[2024-04-14 00:05:57] [36mINFO[0m: [SpritesManager] Loaded sprite image file: l0_bumbo_04.png
[2024-04-14 00:05:57] [36mINFO[0m: [SpritesManager] Loaded sprite image file: l0_bumbo_05.png
[2024-04-14 00:05:57] [36mINFO[0m: [SpritesManager] Loaded sprite image file: l0_bumbo_06.png
[2024-04-14 00:05:57] [36mINFO[0m: [SpritesManager] Loaded sprite image file: l0_bumbo_07.png
[2024-04-14 00:05:57] [36mINFO[0m: [SpritesManager] Loaded sprite image file: l0_bumbo_08.png
[2024-04-14 00:05:57] [36mINFO[0m: [SpritesManager] Loaded sprite image file: l0_bumbo_09.png
[2024-04-14 00:05:57] [36mINFO[0m: [SpritesManager] Loaded sprite image file: l0_bumbo_10.png
[2024-04-14 00:05:57] [36mINFO[0m: [SpritesManager] Loaded sprite image file: l0_bumbo_11.png
[2024-04-14 00:05:57] [36mINFO[0m: [SpritesManager] Loaded sprite image file: l0_bumbo_12.png
[2024-04-14 00:05:57] [36mINFO[0m: [TileManager] Loaded tile image file: 0_floor_mud_ne.png
[2024-04-14 00:05:57] [36mINFO[0m: [TileManager] Loaded tile image file: 1_wall_left.png
[2024-04-14 00:05:57] [36mINFO[0m: [SoundManager] Loaded audio file: bgm-1-reincarnated.wav
[2024-04-14 00:05:57] [36mINFO[0m: [SoundManager] Loaded audio file: bgm-2-vempair.wav
[2024-04-14 00:05:57] [36mINFO[0m: [SoundManager] Loaded audio file: beep-1.wav
[2024-04-14 00:05:57] [36mINFO[0m: [SoundManager] Loaded audio file: bump-1.wav
[2024-04-14 00:05:57] [36mINFO[0m: [SoundManager] Loaded audio file: click-1.wav
[2024-04-14 00:05:57] [36mINFO[0m: [SoundManager] Loaded audio file: shoot-1.wav
[2024-04-14 00:08:56] [36mINFO[0m: [SpritesManager] Loaded sprite image file: tile000.png
[2024-04-14 00:08:56] [36mINFO[0m: [SpritesManager] Loaded sprite image file: tile001.png
[2024-04-14 00:08:56] [36mINFO[0m: [SpritesManager] Loaded sprite image file: tile002.png
[2024-04-14 00:08:56] [36mINFO[0m: [SpritesManager] Loaded sprite image file: tile003.png
[2024-04-14 00:08:56] [36mINFO[0m: [SpritesManager] Loaded sprite image file: tile004.png
[2024-04-14 00:08:56] [36mINFO[0m: [SpritesManager] Loaded sprite image file: tile005.png
[2024-04-14 00:08:56] [36mINFO[0m: [SpritesManager] Loaded sprite image file: tile006.png
[2024-04-14 00:08:56] [36mINFO[0m: [SpritesManager] Loaded sprite image file: tile007.png
[2024-04-14 00:08:56] [36mINFO[0m: [SpritesManager] Loaded sprite image file: tile008.png
[2024-04-14 00:08:56] [36mINFO[0m: [SpritesManager] Loaded sprite image file: tile009.png
[2024-04-14 00:08:56] [36mINFO[0m: [SpritesManager] Loaded sprite image file: tile010.png
[2024-04-14 00:08:56] [36mINFO[0m: [SpritesManager] Loaded sprite image file: tile011.png
[2024-04-14 00:08:56] [36mINFO[0m: [SpritesManager] Loaded sprite image file: tile000.png
[2024-04-14 00:08:56] [36mINFO[0m: [SpritesManager] Loaded sprite image file: tile001.png
[2024-04-14 00:08:56] [36mINFO[0m: [SpritesManager] Loaded sprite image file: tile002.png
[2024-04-14 00:08:56] [36mINFO[0m: [SpritesManager] Loaded sprite image file: tile003.png
[2024-04-14 00:08:56] [36mINFO[0m: [SpritesManager] Loaded sprite image file: tile004.png
[2024-04-14 00:08:56] [36mINFO[0m: [SpritesManager] Loaded sprite image file: tile005.png
[2024-04-14 00:08:56] [36mINFO[0m: [SpritesManager] Loaded sprite image file: tile006.png
[2024-04-14 00:08:56] [36mINFO[0m: [SpritesManager] Loaded sprite image file: tile007.png
[2024-04-14 00:08:56] [36mINFO[0m: [SpritesManager] Loaded sprite image file: tile008.png
[2024-04-14 00:08:56] [36mINFO[0m: [SpritesManager] Loaded sprite image file: tile009.png
[2024-04-14 00:08:56] [36mINFO[0m: [SpritesManager] Loaded sprite image file: tile010.png
[2024-04-14 00:08:56] [36mINFO[0m: [SpritesManager] Loaded sprite image file: tile011.png
[2024-04-14 00:08:56] [36mINFO[0m: [SpritesManager] Loaded sprite image file: tile012.png
[2024-04-14 00:08:56] [36mINFO[0m: [SpritesManager] Loaded sprite image file: tile013.png
[2024-04-14 00:08:56] [36mINFO[0m: [SpritesManager] Loaded sprite image file: tile014.png
[2024-04-14 00:08:56] [36mINFO[0m: [SpritesManager] Loaded sprite image file: tile015.png
[2024-04-14 00:08:56] [36mINFO[0m: [SpritesManager] Loaded sprite image file: l0_bumbo_01.png
[2024-04-14 00:08:56] [36mINFO[0m: [SpritesManager] Loaded sprite image file: l0_bumbo_02.png
[2024-04-14 00:08:56] [36mINFO[0m: [SpritesManager] Loaded sprite image file: l0_bumbo_03.png
[2024-04-14 00:08:56] [36mINFO[0m: [SpritesManager] Loaded sprite image file: l0_bumbo_04.png
[2024-04-14 00:08:56] [36mINFO[0m: [SpritesManager] Loaded sprite image file: l0_bumbo_05.png
[2024-04-14 00:08:56] [36mINFO[0m: [SpritesManager] Loaded sprite image file: l0_bumbo_06.png
[2024-04-14 00:08:56] [36mINFO[0m: [SpritesManager] Loaded sprite image file: l0_bumbo_07.png
[2024-04-14 00:08:56] [36mINFO[0m: [SpritesManager] Loaded sprite image file: l0_bumbo_08.png
[2024-04-14 00:08:56] [36mINFO[0m: [SpritesManager] Loaded sprite image file: l0_bumbo_09.png
[2024-04-14 00:08:56] [36mINFO[0m: [SpritesManager] Loaded sprite image file: l0_bumbo_10.png
[2024-04-14 00:08:56] [36mINFO[0m: [SpritesManager] Loaded sprite image file: l0_bumbo_11.png
[2024-04-14 00:08:56] [36mINFO[0m: [SpritesManager] Loaded sprite image file: l0_bumbo_12.png
[2024-04-14 00:08:57] [36mINFO[0m: [SpritesManager] Loaded sprite image file: l0_bumbo_01.png
[2024-04-14 00:08:57] [36mINFO[0m: [SpritesManager] Loaded sprite image file: l0_bumbo_02.png
[2024-04-14 00:08:57] [36mINFO[0m: [SpritesManager] Loaded sprite image file: l0_bumbo_03.png
[2024-04-14 00:08:57] [36mINFO[0m: [SpritesManager] Loaded sprite image file: l0_bumbo_04.png
[2024-04-14 00:08:57] [36mINFO[0m: [SpritesManager] Loaded sprite image file: l0_bumbo_05.png
[2024-04-14 00:08:57] [36mINFO[0m: [SpritesManager] Loaded sprite image file: l0_bumbo_06.png
[2024-04-14 00:08:57] [36mINFO[0m: [SpritesManager] Loaded sprite image file: l0_bumbo_07.png
[2024-04-14 00:08:57] [36mINFO[0m: [SpritesManager] Loaded sprite image file: l0_bumbo_08.png
[2024-04-14 00:08:57] [36mINFO[0m: [SpritesManager] Loaded sprite image file: l0_bumbo_09.png
[2024-04-14 00:08:57] [36mINFO[0m: [SpritesManager] Loaded sprite image file: l0_bumbo_10.png
[2024-04-14 00:08:57] [36mINFO[0m: [SpritesManager] Loaded sprite image file: l0_bumbo_11.png
[2024-04-14 00:08:57] [36mINFO[0m: [SpritesManager] Loaded sprite image file: l0_bumbo_12.png
[2024-04-14 00:08:57] [36mINFO[0m: [TileManager] Loaded tile image file: 0_floor_mud_ne.png
[2024-04-14 00:08:57] [36mINFO[0m: [TileManager] Loaded tile image file: 1_wall_left.png
[2024-04-14 00:08:57] [36mINFO[0m: [MapHandler] Loaded map file: /res/maps/world01.txt
[2024-04-14 00:08:57] [36mINFO[0m: [SoundManager] Loaded audio file: bgm-1-reincarnated.wav
[2024-04-14 00:08:57] [36mINFO[0m: [SoundManager] Loaded audio file: bgm-2-vempair.wav
[2024-04-14 00:08:57] [36mINFO[0m: [SoundManager] Loaded audio file: beep-1.wav
[2024-04-14 00:08:57] [36mINFO[0m: [SoundManager] Loaded audio file: bump-1.wav
[2024-04-14 00:08:57] [36mINFO[0m: [SoundManager] Loaded audio file: click-1.wav
[2024-04-14 00:08:57] [36mINFO[0m: [SoundManager] Loaded audio file: shoot-1.wav
[2024-04-14 00:12:18] [36mINFO[0m: [SpritesManager] Loaded sprite image file: tile000.png
[2024-04-14 00:12:18] [36mINFO[0m: [SpritesManager] Loaded sprite image file: tile001.png
[2024-04-14 00:12:18] [36mINFO[0m: [SpritesManager] Loaded sprite image file: tile002.png
[2024-04-14 00:12:18] [36mINFO[0m: [SpritesManager] Loaded sprite image file: tile003.png
[2024-04-14 00:12:18] [36mINFO[0m: [SpritesManager] Loaded sprite image file: tile004.png
[2024-04-14 00:12:18] [36mINFO[0m: [SpritesManager] Loaded sprite image file: tile005.png
[2024-04-14 00:12:18] [36mINFO[0m: [SpritesManager] Loaded sprite image file: tile006.png
[2024-04-14 00:12:18] [36mINFO[0m: [SpritesManager] Loaded sprite image file: tile007.png
[2024-04-14 00:12:18] [36mINFO[0m: [SpritesManager] Loaded sprite image file: tile008.png
[2024-04-14 00:12:18] [36mINFO[0m: [SpritesManager] Loaded sprite image file: tile009.png
[2024-04-14 00:12:18] [36mINFO[0m: [SpritesManager] Loaded sprite image file: tile010.png
[2024-04-14 00:12:18] [36mINFO[0m: [SpritesManager] Loaded sprite image file: tile011.png
[2024-04-14 00:12:18] [36mINFO[0m: [SpritesManager] Loaded sprite image file: tile000.png
[2024-04-14 00:12:18] [36mINFO[0m: [SpritesManager] Loaded sprite image file: tile001.png
[2024-04-14 00:12:18] [36mINFO[0m: [SpritesManager] Loaded sprite image file: tile002.png
[2024-04-14 00:12:18] [36mINFO[0m: [SpritesManager] Loaded sprite image file: tile003.png
[2024-04-14 00:12:18] [36mINFO[0m: [SpritesManager] Loaded sprite image file: tile004.png
[2024-04-14 00:12:18] [36mINFO[0m: [SpritesManager] Loaded sprite image file: tile005.png
[2024-04-14 00:12:18] [36mINFO[0m: [SpritesManager] Loaded sprite image file: tile006.png
[2024-04-14 00:12:18] [36mINFO[0m: [SpritesManager] Loaded sprite image file: tile007.png
[2024-04-14 00:12:18] [36mINFO[0m: [SpritesManager] Loaded sprite image file: tile008.png
[2024-04-14 00:12:18] [36mINFO[0m: [SpritesManager] Loaded sprite image file: tile009.png
[2024-04-14 00:12:18] [36mINFO[0m: [SpritesManager] Loaded sprite image file: tile010.png
[2024-04-14 00:12:18] [36mINFO[0m: [SpritesManager] Loaded sprite image file: tile011.png
[2024-04-14 00:12:18] [36mINFO[0m: [SpritesManager] Loaded sprite image file: tile012.png
[2024-04-14 00:12:18] [36mINFO[0m: [SpritesManager] Loaded sprite image file: tile013.png
[2024-04-14 00:12:18] [36mINFO[0m: [SpritesManager] Loaded sprite image file: tile014.png
[2024-04-14 00:12:18] [36mINFO[0m: [SpritesManager] Loaded sprite image file: tile015.png
[2024-04-14 00:12:18] [36mINFO[0m: [SpritesManager] Loaded sprite image file: l0_bumbo_01.png
[2024-04-14 00:12:18] [36mINFO[0m: [SpritesManager] Loaded sprite image file: l0_bumbo_02.png
[2024-04-14 00:12:18] [36mINFO[0m: [SpritesManager] Loaded sprite image file: l0_bumbo_03.png
[2024-04-14 00:12:18] [36mINFO[0m: [SpritesManager] Loaded sprite image file: l0_bumbo_04.png
[2024-04-14 00:12:18] [36mINFO[0m: [SpritesManager] Loaded sprite image file: l0_bumbo_05.png
[2024-04-14 00:12:18] [36mINFO[0m: [SpritesManager] Loaded sprite image file: l0_bumbo_06.png
[2024-04-14 00:12:18] [36mINFO[0m: [SpritesManager] Loaded sprite image file: l0_bumbo_07.png
[2024-04-14 00:12:18] [36mINFO[0m: [SpritesManager] Loaded sprite image file: l0_bumbo_08.png
[2024-04-14 00:12:18] [36mINFO[0m: [SpritesManager] Loaded sprite image file: l0_bumbo_09.png
[2024-04-14 00:12:18] [36mINFO[0m: [SpritesManager] Loaded sprite image file: l0_bumbo_10.png
[2024-04-14 00:12:18] [36mINFO[0m: [SpritesManager] Loaded sprite image file: l0_bumbo_11.png
[2024-04-14 00:12:18] [36mINFO[0m: [SpritesManager] Loaded sprite image file: l0_bumbo_12.png
[2024-04-14 00:12:18] [36mINFO[0m: [SpritesManager] Loaded sprite image file: l0_bumbo_01.png
[2024-04-14 00:12:18] [36mINFO[0m: [SpritesManager] Loaded sprite image file: l0_bumbo_02.png
[2024-04-14 00:12:18] [36mINFO[0m: [SpritesManager] Loaded sprite image file: l0_bumbo_03.png
[2024-04-14 00:12:18] [36mINFO[0m: [SpritesManager] Loaded sprite image file: l0_bumbo_04.png
[2024-04-14 00:12:18] [36mINFO[0m: [SpritesManager] Loaded sprite image file: l0_bumbo_05.png
[2024-04-14 00:12:18] [36mINFO[0m: [SpritesManager] Loaded sprite image file: l0_bumbo_06.png
[2024-04-14 00:12:18] [36mINFO[0m: [SpritesManager] Loaded sprite image file: l0_bumbo_07.png
[2024-04-14 00:12:18] [36mINFO[0m: [SpritesManager] Loaded sprite image file: l0_bumbo_08.png
[2024-04-14 00:12:18] [36mINFO[0m: [SpritesManager] Loaded sprite image file: l0_bumbo_09.png
[2024-04-14 00:12:18] [36mINFO[0m: [SpritesManager] Loaded sprite image file: l0_bumbo_10.png
[2024-04-14 00:12:18] [36mINFO[0m: [SpritesManager] Loaded sprite image file: l0_bumbo_11.png
[2024-04-14 00:12:18] [36mINFO[0m: [SpritesManager] Loaded sprite image file: l0_bumbo_12.png
[2024-04-14 00:12:18] [36mINFO[0m: [TileManager] Loaded tile image file: 0_floor_mud_ne.png
[2024-04-14 00:12:18] [36mINFO[0m: [TileManager] Loaded tile image file: 1_wall_left.png
[2024-04-14 00:12:18] [36mINFO[0m: [MapHandler] Loaded map file: world01.txt
[2024-04-14 00:12:18] [36mINFO[0m: [SoundManager] Loaded audio file: bgm-1-reincarnated.wav
[2024-04-14 00:12:18] [36mINFO[0m: [SoundManager] Loaded audio file: bgm-2-vempair.wav
[2024-04-14 00:12:18] [36mINFO[0m: [SoundManager] Loaded audio file: beep-1.wav
[2024-04-14 00:12:18] [36mINFO[0m: [SoundManager] Loaded audio file: bump-1.wav
[2024-04-14 00:12:18] [36mINFO[0m: [SoundManager] Loaded audio file: click-1.wav
[2024-04-14 00:12:18] [36mINFO[0m: [SoundManager] Loaded audio file: shoot-1.wav
[2024-04-14 00:15:06] [36mINFO[0m: [SpritesManager] Loaded sprite image file: tile000.png
[2024-04-14 00:15:06] [36mINFO[0m: [SpritesManager] Loaded sprite image file: tile001.png
[2024-04-14 00:15:06] [36mINFO[0m: [SpritesManager] Loaded sprite image file: tile002.png
[2024-04-14 00:15:06] [36mINFO[0m: [SpritesManager] Loaded sprite image file: tile003.png
[2024-04-14 00:15:06] [36mINFO[0m: [SpritesManager] Loaded sprite image file: tile004.png
[2024-04-14 00:15:06] [36mINFO[0m: [SpritesManager] Loaded sprite image file: tile005.png
[2024-04-14 00:15:06] [36mINFO[0m: [SpritesManager] Loaded sprite image file: tile006.png
[2024-04-14 00:15:06] [36mINFO[0m: [SpritesManager] Loaded sprite image file: tile007.png
[2024-04-14 00:15:06] [36mINFO[0m: [SpritesManager] Loaded sprite image file: tile008.png
[2024-04-14 00:15:06] [36mINFO[0m: [SpritesManager] Loaded sprite image file: tile009.png
[2024-04-14 00:15:06] [36mINFO[0m: [SpritesManager] Loaded sprite image file: tile010.png
[2024-04-14 00:15:06] [36mINFO[0m: [SpritesManager] Loaded sprite image file: tile011.png
[2024-04-14 00:15:06] [36mINFO[0m: [SpritesManager] Loaded sprite image file: tile000.png
[2024-04-14 00:15:06] [36mINFO[0m: [SpritesManager] Loaded sprite image file: tile001.png
[2024-04-14 00:15:06] [36mINFO[0m: [SpritesManager] Loaded sprite image file: tile002.png
[2024-04-14 00:15:06] [36mINFO[0m: [SpritesManager] Loaded sprite image file: tile003.png
[2024-04-14 00:15:06] [36mINFO[0m: [SpritesManager] Loaded sprite image file: tile004.png
[2024-04-14 00:15:06] [36mINFO[0m: [SpritesManager] Loaded sprite image file: tile005.png
[2024-04-14 00:15:06] [36mINFO[0m: [SpritesManager] Loaded sprite image file: tile006.png
[2024-04-14 00:15:06] [36mINFO[0m: [SpritesManager] Loaded sprite image file: tile007.png
[2024-04-14 00:15:06] [36mINFO[0m: [SpritesManager] Loaded sprite image file: tile008.png
[2024-04-14 00:15:06] [36mINFO[0m: [SpritesManager] Loaded sprite image file: tile009.png
[2024-04-14 00:15:06] [36mINFO[0m: [SpritesManager] Loaded sprite image file: tile010.png
[2024-04-14 00:15:06] [36mINFO[0m: [SpritesManager] Loaded sprite image file: tile011.png
[2024-04-14 00:15:06] [36mINFO[0m: [SpritesManager] Loaded sprite image file: tile012.png
[2024-04-14 00:15:06] [36mINFO[0m: [SpritesManager] Loaded sprite image file: tile013.png
[2024-04-14 00:15:06] [36mINFO[0m: [SpritesManager] Loaded sprite image file: tile014.png
[2024-04-14 00:15:06] [36mINFO[0m: [SpritesManager] Loaded sprite image file: tile015.png
[2024-04-14 00:15:06] [36mINFO[0m: [SpritesManager] Loaded sprite image file: l0_bumbo_01.png
[2024-04-14 00:15:06] [36mINFO[0m: [SpritesManager] Loaded sprite image file: l0_bumbo_02.png
[2024-04-14 00:15:06] [36mINFO[0m: [SpritesManager] Loaded sprite image file: l0_bumbo_03.png
[2024-04-14 00:15:06] [36mINFO[0m: [SpritesManager] Loaded sprite image file: l0_bumbo_04.png
[2024-04-14 00:15:06] [36mINFO[0m: [SpritesManager] Loaded sprite image file: l0_bumbo_05.png
[2024-04-14 00:15:06] [36mINFO[0m: [SpritesManager] Loaded sprite image file: l0_bumbo_06.png
[2024-04-14 00:15:06] [36mINFO[0m: [SpritesManager] Loaded sprite image file: l0_bumbo_07.png
[2024-04-14 00:15:06] [36mINFO[0m: [SpritesManager] Loaded sprite image file: l0_bumbo_08.png
[2024-04-14 00:15:06] [36mINFO[0m: [SpritesManager] Loaded sprite image file: l0_bumbo_09.png
[2024-04-14 00:15:06] [36mINFO[0m: [SpritesManager] Loaded sprite image file: l0_bumbo_10.png
[2024-04-14 00:15:06] [36mINFO[0m: [SpritesManager] Loaded sprite image file: l0_bumbo_11.png
[2024-04-14 00:15:06] [36mINFO[0m: [SpritesManager] Loaded sprite image file: l0_bumbo_12.png
[2024-04-14 00:15:06] [36mINFO[0m: [SpritesManager] Loaded sprite image file: l0_bumbo_01.png
[2024-04-14 00:15:06] [36mINFO[0m: [SpritesManager] Loaded sprite image file: l0_bumbo_02.png
[2024-04-14 00:15:06] [36mINFO[0m: [SpritesManager] Loaded sprite image file: l0_bumbo_03.png
[2024-04-14 00:15:06] [36mINFO[0m: [SpritesManager] Loaded sprite image file: l0_bumbo_04.png
[2024-04-14 00:15:06] [36mINFO[0m: [SpritesManager] Loaded sprite image file: l0_bumbo_05.png
[2024-04-14 00:15:06] [36mINFO[0m: [SpritesManager] Loaded sprite image file: l0_bumbo_06.png
[2024-04-14 00:15:06] [36mINFO[0m: [SpritesManager] Loaded sprite image file: l0_bumbo_07.png
[2024-04-14 00:15:06] [36mINFO[0m: [SpritesManager] Loaded sprite image file: l0_bumbo_08.png
[2024-04-14 00:15:06] [36mINFO[0m: [SpritesManager] Loaded sprite image file: l0_bumbo_09.png
[2024-04-14 00:15:06] [36mINFO[0m: [SpritesManager] Loaded sprite image file: l0_bumbo_10.png
[2024-04-14 00:15:06] [36mINFO[0m: [SpritesManager] Loaded sprite image file: l0_bumbo_11.png
[2024-04-14 00:15:06] [36mINFO[0m: [SpritesManager] Loaded sprite image file: l0_bumbo_12.png
[2024-04-14 00:15:06] [36mINFO[0m: [TileManager] Loaded tile image file: 0_floor_mud_ne.png
[2024-04-14 00:15:06] [36mINFO[0m: [TileManager] Loaded tile image file: 1_wall_left.png
[2024-04-14 00:15:06] [36mINFO[0m: [MapHandler] Loaded map file: world01.txt
[2024-04-14 00:15:06] [36mINFO[0m: [SoundManager] Loaded audio file: bgm-1-reincarnated.wav
[2024-04-14 00:15:06] [36mINFO[0m: [SoundManager] Loaded audio file: bgm-2-vempair.wav
[2024-04-14 00:15:06] [36mINFO[0m: [SoundManager] Loaded audio file: beep-1.wav
[2024-04-14 00:15:06] [36mINFO[0m: [SoundManager] Loaded audio file: bump-1.wav
[2024-04-14 00:15:06] [36mINFO[0m: [SoundManager] Loaded audio file: click-1.wav
[2024-04-14 00:15:06] [36mINFO[0m: [SoundManager] Loaded audio file: shoot-1.wav
[2024-04-14 00:15:07] [36mINFO[0m: FPS: 59
[2024-04-14 00:15:08] [36mINFO[0m: FPS: 60
[2024-04-14 00:15:09] [36mINFO[0m: FPS: 60
[2024-04-14 00:15:10] [36mINFO[0m: FPS: 60
[2024-04-14 00:15:11] [36mINFO[0m: FPS: 60
[2024-04-14 00:15:12] [36mINFO[0m: FPS: 60
[2024-04-14 00:15:13] [36mINFO[0m: FPS: 60
[2024-04-14 00:15:14] [36mINFO[0m: FPS: 60
[2024-04-14 00:15:15] [36mINFO[0m: FPS: 60
[2024-04-14 00:15:16] [36mINFO[0m: FPS: 60
[2024-04-14 00:15:17] [36mINFO[0m: FPS: 60
[2024-04-14 00:15:18] [36mINFO[0m: FPS: 60
[2024-04-14 00:15:19] [36mINFO[0m: FPS: 60
[2024-04-14 00:15:20] [36mINFO[0m: FPS: 60
[2024-04-14 00:15:21] [36mINFO[0m: FPS: 60
[2024-04-14 00:15:22] [36mINFO[0m: FPS: 60
[2024-04-14 00:43:38] [36mINFO[0m: [SpritesManager] Loaded sprite image file: tile000.png
[2024-04-14 00:43:38] [36mINFO[0m: [SpritesManager] Loaded sprite image file: tile001.png
[2024-04-14 00:43:38] [36mINFO[0m: [SpritesManager] Loaded sprite image file: tile002.png
[2024-04-14 00:43:38] [36mINFO[0m: [SpritesManager] Loaded sprite image file: tile003.png
[2024-04-14 00:43:38] [36mINFO[0m: [SpritesManager] Loaded sprite image file: tile004.png
[2024-04-14 00:43:38] [36mINFO[0m: [SpritesManager] Loaded sprite image file: tile005.png
[2024-04-14 00:43:38] [36mINFO[0m: [SpritesManager] Loaded sprite image file: tile006.png
[2024-04-14 00:43:39] [36mINFO[0m: [SpritesManager] Loaded sprite image file: tile007.png
[2024-04-14 00:43:39] [36mINFO[0m: [SpritesManager] Loaded sprite image file: tile008.png
[2024-04-14 00:43:39] [36mINFO[0m: [SpritesManager] Loaded sprite image file: tile009.png
[2024-04-14 00:43:39] [36mINFO[0m: [SpritesManager] Loaded sprite image file: tile010.png
[2024-04-14 00:43:39] [36mINFO[0m: [SpritesManager] Loaded sprite image file: tile011.png
[2024-04-14 00:43:39] [36mINFO[0m: [SpritesManager] Loaded sprite image file: tile000.png
[2024-04-14 00:43:39] [36mINFO[0m: [SpritesManager] Loaded sprite image file: tile001.png
[2024-04-14 00:43:39] [36mINFO[0m: [SpritesManager] Loaded sprite image file: tile002.png
[2024-04-14 00:43:39] [36mINFO[0m: [SpritesManager] Loaded sprite image file: tile003.png
[2024-04-14 00:43:39] [36mINFO[0m: [SpritesManager] Loaded sprite image file: tile004.png
[2024-04-14 00:43:39] [36mINFO[0m: [SpritesManager] Loaded sprite image file: tile005.png
[2024-04-14 00:43:39] [36mINFO[0m: [SpritesManager] Loaded sprite image file: tile006.png
[2024-04-14 00:43:39] [36mINFO[0m: [SpritesManager] Loaded sprite image file: tile007.png
[2024-04-14 00:43:39] [36mINFO[0m: [SpritesManager] Loaded sprite image file: tile008.png
[2024-04-14 00:43:39] [36mINFO[0m: [SpritesManager] Loaded sprite image file: tile009.png
[2024-04-14 00:43:39] [36mINFO[0m: [SpritesManager] Loaded sprite image file: tile010.png
[2024-04-14 00:43:39] [36mINFO[0m: [SpritesManager] Loaded sprite image file: tile011.png
[2024-04-14 00:43:39] [36mINFO[0m: [SpritesManager] Loaded sprite image file: tile012.png
[2024-04-14 00:43:39] [36mINFO[0m: [SpritesManager] Loaded sprite image file: tile013.png
[2024-04-14 00:43:39] [36mINFO[0m: [SpritesManager] Loaded sprite image file: tile014.png
[2024-04-14 00:43:39] [36mINFO[0m: [SpritesManager] Loaded sprite image file: tile015.png
[2024-04-14 00:43:39] [36mINFO[0m: [SpritesManager] Loaded sprite image file: l0_bumbo_01.png
[2024-04-14 00:43:39] [36mINFO[0m: [SpritesManager] Loaded sprite image file: l0_bumbo_02.png
[2024-04-14 00:43:39] [36mINFO[0m: [SpritesManager] Loaded sprite image file: l0_bumbo_03.png
[2024-04-14 00:43:39] [36mINFO[0m: [SpritesManager] Loaded sprite image file: l0_bumbo_04.png
[2024-04-14 00:43:39] [36mINFO[0m: [SpritesManager] Loaded sprite image file: l0_bumbo_05.png
[2024-04-14 00:43:39] [36mINFO[0m: [SpritesManager] Loaded sprite image file: l0_bumbo_06.png
[2024-04-14 00:43:39] [36mINFO[0m: [SpritesManager] Loaded sprite image file: l0_bumbo_07.png
[2024-04-14 00:43:39] [36mINFO[0m: [SpritesManager] Loaded sprite image file: l0_bumbo_08.png
[2024-04-14 00:43:39] [36mINFO[0m: [SpritesManager] Loaded sprite image file: l0_bumbo_09.png
[2024-04-14 00:43:39] [36mINFO[0m: [SpritesManager] Loaded sprite image file: l0_bumbo_10.png
[2024-04-14 00:43:39] [36mINFO[0m: [SpritesManager] Loaded sprite image file: l0_bumbo_11.png
[2024-04-14 00:43:39] [36mINFO[0m: [SpritesManager] Loaded sprite image file: l0_bumbo_12.png
[2024-04-14 00:43:39] [36mINFO[0m: [SpritesManager] Loaded sprite image file: l0_bumbo_01.png
[2024-04-14 00:43:39] [36mINFO[0m: [SpritesManager] Loaded sprite image file: l0_bumbo_02.png
[2024-04-14 00:43:39] [36mINFO[0m: [SpritesManager] Loaded sprite image file: l0_bumbo_03.png
[2024-04-14 00:43:39] [36mINFO[0m: [SpritesManager] Loaded sprite image file: l0_bumbo_04.png
[2024-04-14 00:43:39] [36mINFO[0m: [SpritesManager] Loaded sprite image file: l0_bumbo_05.png
[2024-04-14 00:43:39] [36mINFO[0m: [SpritesManager] Loaded sprite image file: l0_bumbo_06.png
[2024-04-14 00:43:39] [36mINFO[0m: [SpritesManager] Loaded sprite image file: l0_bumbo_07.png
[2024-04-14 00:43:39] [36mINFO[0m: [SpritesManager] Loaded sprite image file: l0_bumbo_08.png
[2024-04-14 00:43:39] [36mINFO[0m: [SpritesManager] Loaded sprite image file: l0_bumbo_09.png
[2024-04-14 00:43:39] [36mINFO[0m: [SpritesManager] Loaded sprite image file: l0_bumbo_10.png
[2024-04-14 00:43:39] [36mINFO[0m: [SpritesManager] Loaded sprite image file: l0_bumbo_11.png
[2024-04-14 00:43:39] [36mINFO[0m: [SpritesManager] Loaded sprite image file: l0_bumbo_12.png
[2024-04-14 00:43:39] [36mINFO[0m: [TileManager] Loaded tile image file: 0_floor_mud_ne.png
[2024-04-14 00:43:39] [36mINFO[0m: [TileManager] Loaded tile image file: 1_wall_left.png
[2024-04-14 00:43:39] [36mINFO[0m: [MapHandler] Loaded map file: world01.txt
[2024-04-14 00:43:39] [36mINFO[0m: [SoundManager] Loaded audio file: bgm-1-reincarnated.wav
[2024-04-14 00:43:39] [36mINFO[0m: [SoundManager] Loaded audio file: bgm-2-vempair.wav
[2024-04-14 00:43:39] [36mINFO[0m: [SoundManager] Loaded audio file: beep-1.wav
[2024-04-14 00:43:39] [36mINFO[0m: [SoundManager] Loaded audio file: bump-1.wav
[2024-04-14 00:43:39] [36mINFO[0m: [SoundManager] Loaded audio file: click-1.wav
[2024-04-14 00:43:39] [36mINFO[0m: [SoundManager] Loaded audio file: shoot-1.wav
[2024-04-14 00:43:40] [36mINFO[0m: FPS: 59
[2024-04-14 00:43:41] [36mINFO[0m: FPS: 60
[2024-04-14 00:43:42] [36mINFO[0m: FPS: 60
[2024-04-14 00:43:43] [36mINFO[0m: FPS: 60
[2024-04-14 00:43:44] [36mINFO[0m: FPS: 60
[2024-04-14 00:43:45] [36mINFO[0m: FPS: 60
[2024-04-14 00:43:46] [36mINFO[0m: FPS: 60
[2024-04-14 00:43:47] [36mINFO[0m: FPS: 60
[2024-04-14 00:43:48] [36mINFO[0m: FPS: 60
[2024-04-14 00:43:49] [36mINFO[0m: FPS: 60
[2024-04-14 00:43:50] [36mINFO[0m: FPS: 60
[2024-04-14 00:43:51] [36mINFO[0m: FPS: 60
[2024-04-14 00:43:52] [36mINFO[0m: FPS: 60
[2024-04-14 00:43:53] [36mINFO[0m: FPS: 60
[2024-04-14 00:43:54] [36mINFO[0m: FPS: 60
